2022-10-26 07:31:37.9772 INFO GeOwnedBooks initiated
2022-10-26 07:31:48.1766 INFO GeOwnedBooks initiated
2022-10-26 07:35:02.2698 INFO GeOwnedBooks initiated
2022-10-26 07:35:19.8197 INFO GeOwnedBooks initiated
2022-10-26 07:35:24.8031 INFO GeOwnedBooks initiated
2022-10-26 07:35:46.5202 INFO GeOwnedBooks initiated
2022-10-26 07:36:03.3636 INFO GeOwnedBooks initiated
2022-10-26 07:36:17.6778 INFO GeOwnedBooks initiated
2022-10-26 08:22:21.6771 INFO Create Book initiated
2022-10-26 08:22:24.7861 INFO GeOwnedBooks initiated
2022-10-26 08:23:11.4610 INFO Create Book initiated
2022-10-26 08:23:19.7854 INFO Create Book initiated
2022-10-26 08:23:23.1466 INFO GeOwnedBooks initiated
2022-10-26 08:24:01.1766 INFO GeOwnedBooks initiated
2022-10-26 08:25:56.2235 INFO GeOwnedBooks initiated
2022-10-26 08:26:26.8637 INFO GeOwnedBooks initiated
2022-10-26 08:26:51.7439 INFO GetUnRentedBooks initiated
2022-10-26 08:26:56.4444 INFO RentBook 
2022-10-26 08:26:57.0987 INFO GetUnRentedBooks initiated
2022-10-26 08:27:01.7245 INFO GeRentedBooks initiated
2022-10-26 08:27:09.5356 INFO GetUnRentedBooks initiated
2022-10-26 08:27:14.2544 INFO GeRentedBooks initiated
2022-10-26 08:27:23.4107 INFO GetUnRentedBooks initiated
2022-10-26 08:27:36.6604 INFO GetUnRentedBooks initiated
2022-10-26 08:27:45.5202 INFO GeRentedBooks initiated
2022-10-26 08:27:49.4887 INFO GetUnRentedBooks initiated
2022-10-26 08:27:57.2387 INFO GeRentedBooks initiated
2022-10-26 08:28:04.4585 INFO GetUnRentedBooks initiated
2022-10-26 08:30:31.3330 INFO GeRentedBooks initiated
2022-10-26 08:46:10.1297 INFO GetUnRentedBooks initiated
2022-10-26 08:46:12.3479 INFO GeRentedBooks initiated
2022-10-26 08:54:51.1924 INFO GetUnRentedBooks initiated
