2022-10-20 16:57:03.0218 INFO GeOwnedBooks initiated
2022-10-20 16:57:49.0990 INFO GeOwnedBooks initiated
2022-10-20 16:58:24.9742 INFO GeOwnedBooks initiated
2022-10-20 16:58:40.2556 INFO GeOwnedBooks initiated
2022-10-20 16:58:51.8495 INFO GeOwnedBooks initiated
2022-10-20 17:04:04.6946 INFO GeOwnedBooks initiated
2022-10-20 17:04:34.4596 INFO GeOwnedBooks initiated
2022-10-20 17:05:06.6810 INFO GeOwnedBooks initiated
2022-10-20 17:05:22.3028 INFO GeOwnedBooks initiated
2022-10-20 17:05:26.9897 INFO GeOwnedBooks initiated
2022-10-20 17:05:30.5841 INFO GeOwnedBooks initiated
2022-10-20 17:06:05.7399 INFO GeOwnedBooks initiated
2022-10-20 17:06:32.5704 INFO GeOwnedBooks initiated
2022-10-20 17:07:10.5550 INFO GeOwnedBooks initiated
2022-10-20 17:07:42.1488 INFO GeOwnedBooks initiated
2022-10-20 17:07:51.1776 INFO GeOwnedBooks initiated
2022-10-20 17:08:03.4438 INFO GeOwnedBooks initiated
2022-10-20 17:08:19.9273 INFO GeOwnedBooks initiated
2022-10-20 17:08:56.8966 INFO GeOwnedBooks initiated
2022-10-20 17:09:03.5867 INFO GeOwnedBooks initiated
2022-10-20 17:09:06.9292 INFO GeOwnedBooks initiated
2022-10-20 17:09:29.6305 INFO GeOwnedBooks initiated
2022-10-20 17:09:31.1935 INFO GeOwnedBooks initiated
2022-10-20 17:09:53.1932 INFO GeOwnedBooks initiated
2022-10-20 17:09:54.6700 INFO GeOwnedBooks initiated
2022-10-20 17:09:57.7753 INFO GeOwnedBooks initiated
2022-10-20 17:10:12.0063 INFO GeOwnedBooks initiated
2022-10-20 17:10:12.9804 INFO GeOwnedBooks initiated
2022-10-20 17:10:17.5677 INFO GeOwnedBooks initiated
2022-10-20 17:10:20.2286 INFO GeOwnedBooks initiated
2022-10-20 17:10:25.0855 INFO GeOwnedBooks initiated
2022-10-20 17:10:27.9428 INFO GeOwnedBooks initiated
2022-10-20 17:10:29.9185 INFO GeOwnedBooks initiated
2022-10-20 17:10:30.8494 INFO GeOwnedBooks initiated
2022-10-20 17:10:34.9946 INFO GeOwnedBooks initiated
2022-10-20 17:11:20.8646 INFO GeOwnedBooks initiated
2022-10-20 17:11:22.6150 INFO GeOwnedBooks initiated
2022-10-20 17:11:46.0364 INFO GeOwnedBooks initiated
2022-10-20 17:12:00.2751 INFO GeOwnedBooks initiated
2022-10-20 17:12:45.3184 INFO GeOwnedBooks initiated
2022-10-20 17:12:57.9127 INFO GeOwnedBooks initiated
2022-10-20 17:13:19.8028 INFO GeOwnedBooks initiated
2022-10-20 17:13:28.3534 INFO GeOwnedBooks initiated
2022-10-20 17:13:31.6629 INFO GeOwnedBooks initiated
2022-10-20 17:14:00.2403 INFO GeOwnedBooks initiated
2022-10-20 17:14:13.4741 INFO GeOwnedBooks initiated
2022-10-20 17:14:27.3185 INFO GeOwnedBooks initiated
2022-10-20 17:14:50.1638 INFO GeOwnedBooks initiated
2022-10-20 17:15:03.6620 INFO GeOwnedBooks initiated
2022-10-20 17:16:12.7561 INFO GeOwnedBooks initiated
2022-10-20 17:17:42.3200 INFO GeOwnedBooks initiated
2022-10-20 17:18:07.2442 INFO GeOwnedBooks initiated
2022-10-20 17:18:11.7325 INFO GeOwnedBooks initiated
2022-10-20 17:18:24.6773 INFO GeOwnedBooks initiated
2022-10-20 17:18:58.8666 INFO GeOwnedBooks initiated
2022-10-20 17:19:00.9589 INFO GeOwnedBooks initiated
2022-10-20 17:19:03.1681 INFO GeOwnedBooks initiated
2022-10-20 17:19:05.0240 INFO GeOwnedBooks initiated
2022-10-20 17:20:38.9459 INFO GeOwnedBooks initiated
2022-10-20 17:23:19.6941 INFO GeOwnedBooks initiated
2022-10-20 17:23:49.7888 INFO GeOwnedBooks initiated
2022-10-20 17:23:52.1038 INFO GeOwnedBooks initiated
2022-10-20 17:24:59.5214 INFO GeOwnedBooks initiated
2022-10-20 17:25:20.9280 INFO GeOwnedBooks initiated
2022-10-20 17:25:56.7874 INFO GeOwnedBooks initiated
2022-10-20 17:26:06.0528 INFO GeOwnedBooks initiated
2022-10-20 17:40:32.4273 INFO GeOwnedBooks initiated
2022-10-20 17:41:55.9150 INFO GeOwnedBooks initiated
2022-10-20 17:42:09.2086 INFO GeOwnedBooks initiated
2022-10-20 18:02:06.5058 INFO GeOwnedBooks initiated
2022-10-20 18:08:27.0561 INFO GeOwnedBooks initiated
2022-10-20 18:13:56.6026 INFO GeOwnedBooks initiated
2022-10-20 18:24:52.0552 INFO GeOwnedBooks initiated
2022-10-20 18:24:59.7085 INFO GeOwnedBooks initiated
2022-10-20 18:25:12.7885 INFO GeOwnedBooks initiated
2022-10-20 18:25:18.9139 INFO GeOwnedBooks initiated
2022-10-20 18:25:37.2886 INFO GetUnRentedBooks initiated
2022-10-20 18:27:01.0582 INFO GetUnRentedBooks initiated
2022-10-20 18:27:30.6154 INFO GetUnRentedBooks initiated
2022-10-20 18:28:10.4773 INFO GetUnRentedBooks initiated
2022-10-20 18:28:21.9791 INFO GetUnRentedBooks initiated
2022-10-20 18:28:41.7767 INFO GetUnRentedBooks initiated
2022-10-20 18:29:03.2646 INFO GetUnRentedBooks initiated
2022-10-20 18:29:19.7551 INFO GetUnRentedBooks initiated
2022-10-20 18:29:36.5586 INFO GetUnRentedBooks initiated
2022-10-20 18:30:59.0279 INFO GetUnRentedBooks initiated
2022-10-20 18:31:08.5372 INFO GetUnRentedBooks initiated
2022-10-20 18:47:13.3841 INFO RentBook 
2022-10-20 18:47:14.3863 INFO GetUnRentedBooks initiated
2022-10-20 18:47:17.1021 INFO RentBook 
2022-10-20 18:47:17.3654 INFO GetUnRentedBooks initiated
2022-10-20 18:47:19.9590 INFO RentBook 
2022-10-20 18:47:20.1934 INFO GetUnRentedBooks initiated
2022-10-20 18:47:22.8181 INFO RentBook 
2022-10-20 18:47:23.0390 INFO GetUnRentedBooks initiated
2022-10-20 18:47:25.2090 INFO GetRentedBooks initiated
2022-10-20 18:47:57.6055 INFO GetRentedBooks initiated
2022-10-20 18:48:11.2572 INFO GetRentedBooks initiated
2022-10-20 18:48:12.2093 INFO GetRentedBooks initiated
2022-10-20 18:48:19.3350 INFO GetRentedBooks initiated
2022-10-20 18:48:31.4277 INFO GetRentedBooks initiated
2022-10-20 18:48:32.9913 INFO GetRentedBooks initiated
2022-10-20 18:48:56.9921 INFO GetRentedBooks initiated
2022-10-20 18:49:07.1361 INFO GetRentedBooks initiated
2022-10-20 18:49:08.7712 INFO GetRentedBooks initiated
2022-10-20 18:49:11.3186 INFO GetRentedBooks initiated
2022-10-20 18:49:13.9822 INFO GetRentedBooks initiated
2022-10-20 18:49:21.3863 INFO GetRentedBooks initiated
2022-10-20 18:49:31.7288 INFO GetRentedBooks initiated
2022-10-20 18:49:39.3978 INFO unRentBook 
2022-10-20 18:49:39.6460 INFO GetRentedBooks initiated
2022-10-20 18:49:41.9895 INFO GetUnRentedBooks initiated
2022-10-20 18:49:45.4904 INFO GetRentedBooks initiated
2022-10-20 18:49:57.2564 INFO GetRentedBooks initiated
2022-10-20 18:50:01.9928 INFO GetRentedBooks initiated
