2022-10-24 22:01:40.5559 INFO GeOwnedBooks initiated
2022-10-24 22:02:17.8179 INFO GeOwnedBooks initiated
2022-10-24 22:02:40.1148 INFO GeOwnedBooks initiated
2022-10-24 22:03:08.1147 INFO GeOwnedBooks initiated
2022-10-24 22:03:08.3022 INFO GeOwnedBooks initiated
2022-10-24 22:03:29.2742 INFO GeOwnedBooks initiated
2022-10-24 22:03:48.0236 INFO Create Book initiated
2022-10-24 22:03:52.0211 INFO GeOwnedBooks initiated
2022-10-24 22:04:33.2405 INFO GeOwnedBooks initiated
2022-10-24 22:05:02.4461 INFO GetRentedBooks initiated
2022-10-24 22:05:07.8973 INFO GetUnRentedBooks initiated
2022-10-24 22:05:12.7709 INFO RentBook 
2022-10-24 22:05:13.7869 INFO GetUnRentedBooks initiated
2022-10-24 22:05:15.5835 INFO GetRentedBooks initiated
2022-10-24 22:05:19.2418 INFO unRentBook 
2022-10-24 22:05:19.8539 INFO GetRentedBooks initiated
2022-10-24 22:05:22.6486 INFO unRentBook 
2022-10-24 22:05:23.5525 INFO GetRentedBooks initiated
2022-10-24 22:05:26.2870 INFO unRentBook 
2022-10-24 22:05:26.9382 INFO GetRentedBooks initiated
2022-10-24 22:05:28.7633 INFO GetUnRentedBooks initiated
2022-10-24 22:05:34.1209 INFO RentBook 
2022-10-24 22:05:35.0533 INFO GetUnRentedBooks initiated
2022-10-24 22:05:36.7083 INFO GetRentedBooks initiated
2022-10-24 22:05:44.5411 INFO GetUnRentedBooks initiated
