2022-10-22 13:42:09.7624 INFO GetRentedBooks initiated
2022-10-22 13:43:36.9298 INFO GetUnRentedBooks initiated
2022-10-22 13:44:30.5062 INFO GetUnRentedBooks initiated
2022-10-22 13:44:33.6484 INFO GetRentedBooks initiated
2022-10-22 13:45:48.7283 INFO GetUnRentedBooks initiated
2022-10-22 13:45:51.4281 INFO GetRentedBooks initiated
2022-10-22 13:46:44.6017 INFO GetRentedBooks initiated
2022-10-22 13:47:04.2578 INFO GetRentedBooks initiated
2022-10-22 13:47:06.6960 INFO GetUnRentedBooks initiated
2022-10-22 13:47:43.1319 INFO GetRentedBooks initiated
2022-10-22 14:29:09.9643 INFO GetUnRentedBooks initiated
2022-10-22 14:29:13.0578 INFO GetRentedBooks initiated
2022-10-22 14:29:15.5744 INFO GetUnRentedBooks initiated
2022-10-22 14:29:19.4572 INFO RentBook 
2022-10-22 14:29:20.1207 INFO GetUnRentedBooks initiated
2022-10-22 14:29:24.6847 INFO GetRentedBooks initiated
2022-10-22 14:29:29.0593 INFO unRentBook 
2022-10-22 14:29:29.6422 INFO GetRentedBooks initiated
2022-10-22 14:29:58.0734 INFO GetUnRentedBooks initiated
2022-10-22 14:30:00.4189 INFO GetRentedBooks initiated
2022-10-22 14:30:26.0114 INFO GeOwnedBooks initiated
2022-10-22 14:32:06.9961 INFO GeOwnedBooks initiated
2022-10-22 14:32:26.8329 INFO Create Book initiated
2022-10-22 14:32:30.6055 INFO GeOwnedBooks initiated
2022-10-22 15:40:39.3410 INFO GeOwnedBooks initiated
2022-10-22 15:40:43.9023 INFO GeOwnedBooks initiated
2022-10-22 15:44:06.7765 INFO GeOwnedBooks initiated
2022-10-22 15:44:06.9959 INFO GeOwnedBooks initiated
2022-10-22 15:44:17.3723 INFO GeOwnedBooks initiated
2022-10-22 15:44:17.4344 INFO GeOwnedBooks initiated
2022-10-22 15:44:34.8706 INFO GeOwnedBooks initiated
2022-10-22 15:44:35.1835 INFO GeOwnedBooks initiated
2022-10-22 15:45:19.5588 INFO GeOwnedBooks initiated
2022-10-22 15:45:19.8432 INFO GeOwnedBooks initiated
2022-10-22 15:45:39.7494 INFO GeOwnedBooks initiated
2022-10-22 15:45:40.0895 INFO GeOwnedBooks initiated
2022-10-22 15:47:46.3894 INFO GeOwnedBooks initiated
2022-10-22 15:47:46.5586 INFO GeOwnedBooks initiated
2022-10-22 15:48:05.8752 INFO GeOwnedBooks initiated
2022-10-22 15:48:06.1834 INFO GeOwnedBooks initiated
2022-10-22 15:49:41.8238 INFO GeOwnedBooks initiated
2022-10-22 15:49:42.1207 INFO GeOwnedBooks initiated
2022-10-22 15:50:17.4337 INFO GeOwnedBooks initiated
2022-10-22 15:50:17.6219 INFO GeOwnedBooks initiated
2022-10-22 15:50:32.7457 INFO GeOwnedBooks initiated
2022-10-22 15:50:58.0115 INFO GeOwnedBooks initiated
2022-10-22 15:50:58.1516 INFO GeOwnedBooks initiated
2022-10-22 15:51:06.7026 INFO GeOwnedBooks initiated
2022-10-22 15:51:07.1361 INFO GeOwnedBooks initiated
2022-10-22 15:51:09.5746 INFO GeOwnedBooks initiated
2022-10-22 15:51:10.6365 INFO GeOwnedBooks initiated
2022-10-22 15:51:11.1103 INFO GeOwnedBooks initiated
2022-10-22 15:51:12.0449 INFO GeOwnedBooks initiated
2022-10-22 15:51:18.4199 INFO GeOwnedBooks initiated
2022-10-22 15:51:18.9090 INFO GeOwnedBooks initiated
2022-10-22 15:51:24.5586 INFO GeOwnedBooks initiated
2022-10-22 15:51:24.6994 INFO GeOwnedBooks initiated
2022-10-22 15:52:17.5275 INFO GeOwnedBooks initiated
2022-10-22 15:52:34.3546 INFO GeOwnedBooks initiated
2022-10-22 15:53:01.4688 INFO GeOwnedBooks initiated
2022-10-22 15:53:14.0901 INFO GeOwnedBooks initiated
2022-10-22 15:53:43.2620 INFO UpdateBook initiated
2022-10-22 15:53:45.1842 INFO GeOwnedBooks initiated
2022-10-22 16:11:31.8082 INFO GeOwnedBooks initiated
2022-10-22 16:11:38.1987 INFO GeOwnedBooks initiated
2022-10-22 16:11:41.3246 INFO GeOwnedBooks initiated
2022-10-22 16:11:43.7151 INFO GeOwnedBooks initiated
