2022-10-06 15:09:34.2493 INFO GetUnRentedBooks initiated
2022-10-06 15:09:52.7021 INFO GetRentedBooks initiated
2022-10-06 15:10:00.5621 INFO GetRentedBooks initiated
2022-10-06 15:10:07.0832 INFO GetUnRentedBooks initiated
2022-10-06 15:13:45.9093 INFO GetUnRentedBooks initiated
2022-10-06 15:14:12.7807 INFO GetUnRentedBooks initiated
2022-10-06 15:14:20.5188 INFO GetUnRentedBooks initiated
2022-10-06 15:14:21.9210 INFO GetUnRentedBooks initiated
2022-10-06 15:14:27.0777 INFO GetUnRentedBooks initiated
2022-10-06 15:16:04.3588 INFO GetUnRentedBooks initiated
2022-10-06 15:16:20.8935 INFO GetUnRentedBooks initiated
2022-10-06 15:16:23.1906 INFO GetUnRentedBooks initiated
2022-10-06 15:16:36.5483 INFO GetUnRentedBooks initiated
2022-10-06 15:17:00.2662 INFO GetUnRentedBooks initiated
2022-10-06 15:17:58.8120 INFO GetUnRentedBooks initiated
2022-10-06 15:18:07.4369 INFO GetUnRentedBooks initiated
2022-10-06 15:18:52.5152 INFO GetUnRentedBooks initiated
2022-10-06 15:19:01.8269 INFO GetUnRentedBooks initiated
2022-10-06 15:19:08.4057 INFO GetUnRentedBooks initiated
2022-10-06 15:21:47.9368 INFO GetUnRentedBooks initiated
2022-10-06 15:21:51.8744 INFO GetUnRentedBooks initiated
2022-10-06 15:22:06.8749 INFO GetUnRentedBooks initiated
2022-10-06 15:22:18.7192 INFO GetUnRentedBooks initiated
2022-10-06 15:22:53.1561 INFO GetUnRentedBooks initiated
2022-10-06 15:26:56.1085 INFO GetUnRentedBooks initiated
2022-10-06 15:27:09.4256 INFO GetUnRentedBooks initiated
2022-10-06 15:27:26.5455 INFO GetUnRentedBooks initiated
2022-10-06 15:27:34.7808 INFO GetUnRentedBooks initiated
2022-10-06 15:27:42.9207 INFO GetUnRentedBooks initiated
2022-10-06 15:27:48.1709 INFO GetUnRentedBooks initiated
2022-10-06 15:27:52.9996 INFO GetUnRentedBooks initiated
2022-10-06 15:27:54.1936 INFO GetUnRentedBooks initiated
2022-10-06 15:28:17.3280 INFO GetUnRentedBooks initiated
2022-10-06 15:29:08.8280 INFO GetUnRentedBooks initiated
2022-10-06 15:29:13.5616 INFO GetUnRentedBooks initiated
2022-10-06 15:30:27.5500 INFO GetUnRentedBooks initiated
2022-10-06 15:30:31.0150 INFO GetUnRentedBooks initiated
2022-10-06 15:30:57.3148 INFO GetUnRentedBooks initiated
2022-10-06 15:30:58.3584 INFO GetUnRentedBooks initiated
2022-10-06 15:31:04.4907 INFO GetUnRentedBooks initiated
2022-10-06 15:31:10.9880 INFO GetUnRentedBooks initiated
2022-10-06 15:31:12.8205 INFO GetUnRentedBooks initiated
2022-10-06 15:31:30.2960 INFO GetUnRentedBooks initiated
2022-10-06 15:31:45.2385 INFO GetUnRentedBooks initiated
2022-10-06 15:31:59.0466 INFO GetUnRentedBooks initiated
2022-10-06 15:31:59.8590 INFO GetUnRentedBooks initiated
2022-10-06 15:32:15.7183 INFO GetUnRentedBooks initiated
2022-10-06 15:32:17.8798 INFO GetUnRentedBooks initiated
2022-10-06 16:12:40.2192 INFO GetUnRentedBooks initiated
2022-10-06 16:13:23.4065 INFO GetUnRentedBooks initiated
2022-10-06 16:13:26.3961 INFO GetUnRentedBooks initiated
2022-10-06 16:13:41.8120 INFO GetUnRentedBooks initiated
2022-10-06 16:13:57.9721 INFO GetUnRentedBooks initiated
2022-10-06 16:14:00.4284 INFO GetUnRentedBooks initiated
2022-10-06 16:14:01.7813 INFO GetUnRentedBooks initiated
2022-10-06 16:16:52.8740 INFO GetUnRentedBooks initiated
2022-10-06 16:16:58.2206 INFO GetUnRentedBooks initiated
2022-10-06 16:17:10.0461 INFO GetUnRentedBooks initiated
2022-10-06 16:17:14.2904 INFO GetUnRentedBooks initiated
2022-10-06 16:17:38.1246 INFO GetUnRentedBooks initiated
2022-10-06 16:17:39.4839 INFO GetUnRentedBooks initiated
2022-10-06 16:17:57.2828 INFO GetUnRentedBooks initiated
2022-10-06 16:18:02.5774 INFO GetUnRentedBooks initiated
2022-10-06 16:18:06.3197 INFO GetUnRentedBooks initiated
2022-10-06 16:18:32.0613 INFO GetUnRentedBooks initiated
2022-10-06 16:18:33.1109 INFO GetUnRentedBooks initiated
2022-10-06 16:23:58.4458 INFO GetUnRentedBooks initiated
2022-10-06 16:24:23.7660 INFO GetUnRentedBooks initiated
2022-10-06 16:26:48.1087 INFO GetUnRentedBooks initiated
2022-10-06 16:27:00.4095 INFO GetUnRentedBooks initiated
2022-10-06 16:27:19.4990 INFO GetUnRentedBooks initiated
2022-10-06 16:27:21.3595 INFO GetUnRentedBooks initiated
2022-10-06 16:27:34.0302 INFO GetUnRentedBooks initiated
2022-10-06 16:27:49.5933 INFO GetUnRentedBooks initiated
2022-10-06 16:27:53.9736 INFO GetUnRentedBooks initiated
2022-10-06 16:28:16.1895 INFO GetUnRentedBooks initiated
2022-10-06 16:30:08.0155 INFO GetUnRentedBooks initiated
2022-10-06 16:31:44.2813 INFO GetUnRentedBooks initiated
2022-10-06 16:32:32.3745 INFO GetUnRentedBooks initiated
2022-10-06 16:33:18.5148 INFO GetUnRentedBooks initiated
2022-10-06 16:33:35.5207 INFO GetUnRentedBooks initiated
2022-10-06 16:33:57.6426 INFO GetUnRentedBooks initiated
2022-10-06 16:34:03.5307 INFO GetUnRentedBooks initiated
2022-10-06 16:34:07.9216 INFO GetUnRentedBooks initiated
2022-10-06 16:34:11.4524 INFO GetUnRentedBooks initiated
2022-10-06 16:34:20.0854 INFO GetUnRentedBooks initiated
2022-10-06 16:34:22.1974 INFO GetUnRentedBooks initiated
2022-10-06 16:34:38.4677 INFO GetUnRentedBooks initiated
2022-10-06 16:34:44.6135 INFO GetUnRentedBooks initiated
2022-10-06 16:35:07.7367 INFO GetUnRentedBooks initiated
2022-10-06 16:35:09.7690 INFO GetUnRentedBooks initiated
2022-10-06 16:35:24.4299 INFO GetUnRentedBooks initiated
2022-10-06 16:35:50.6753 INFO GetRentedBooks initiated
2022-10-06 16:54:41.8117 INFO GetUnRentedBooks initiated
2022-10-06 16:55:46.7968 INFO GetUnRentedBooks initiated
2022-10-06 16:57:20.4217 INFO GetUnRentedBooks initiated
2022-10-06 17:23:59.4693 INFO GetUnRentedBooks initiated
2022-10-06 17:24:05.4711 INFO GetUnRentedBooks initiated
2022-10-06 17:27:27.7830 INFO GetUnRentedBooks initiated
2022-10-06 17:36:41.8905 INFO GetUnRentedBooks initiated
2022-10-06 17:38:08.5621 INFO GetUnRentedBooks initiated
2022-10-06 17:38:12.9050 INFO GetRentedBooks initiated
2022-10-06 17:38:47.7347 INFO GetRentedBooks initiated
2022-10-06 17:38:58.6712 INFO GetUnRentedBooks initiated
2022-10-06 17:39:02.7033 INFO RentBook 
2022-10-06 17:39:02.8270 INFO GetUnRentedBooks initiated
2022-10-06 17:39:06.4312 INFO RentBook 
2022-10-06 17:39:06.6880 INFO GetUnRentedBooks initiated
2022-10-06 17:39:11.8740 INFO RentBook 
2022-10-06 17:39:12.1252 INFO GetUnRentedBooks initiated
2022-10-06 17:39:15.7807 INFO GetRentedBooks initiated
2022-10-06 17:39:32.4056 INFO GetRentedBooks initiated
2022-10-06 17:40:12.7184 INFO GetUnRentedBooks initiated
2022-10-06 17:40:26.5780 INFO GetRentedBooks initiated
2022-10-06 17:40:43.0925 INFO GetUnRentedBooks initiated
2022-10-06 17:40:47.5769 INFO RentBook 
2022-10-06 17:40:48.2496 INFO GetUnRentedBooks initiated
2022-10-06 17:40:53.3117 INFO GetRentedBooks initiated
2022-10-06 17:41:28.0162 INFO GetRentedBooks initiated
2022-10-06 17:41:34.4680 INFO unRentBook 
2022-10-06 17:41:34.8743 INFO GetRentedBooks initiated
2022-10-06 17:43:04.2520 INFO GeOwnedBooks initiated
2022-10-06 17:44:32.8902 INFO GeOwnedBooks initiated
2022-10-06 17:44:48.2025 INFO GeOwnedBooks initiated
2022-10-06 17:45:05.0619 INFO GeOwnedBooks initiated
2022-10-06 17:45:06.4054 INFO GeOwnedBooks initiated
2022-10-06 17:45:11.4081 INFO GeOwnedBooks initiated
2022-10-06 17:45:12.4261 INFO GeOwnedBooks initiated
2022-10-06 17:45:21.5346 INFO GeOwnedBooks initiated
2022-10-06 17:45:28.3439 INFO GeOwnedBooks initiated
2022-10-06 17:45:30.8739 INFO GeOwnedBooks initiated
2022-10-06 17:45:35.5342 INFO GeOwnedBooks initiated
2022-10-06 17:45:43.1730 INFO GeOwnedBooks initiated
2022-10-06 17:45:49.0303 INFO GeOwnedBooks initiated
2022-10-06 17:45:55.2489 INFO GeOwnedBooks initiated
2022-10-06 18:10:52.0457 INFO GetRentedBooks initiated
2022-10-06 18:11:05.2495 INFO GetUnRentedBooks initiated
